mode: set
api-gateway/internal/config/config.go:15.21,24.31 6 0
api-gateway/internal/config/config.go:24.31,27.3 2 0
api-gateway/internal/config/config.go:28.2,28.33 1 0
api-gateway/internal/config/config.go:28.33,31.3 2 0
api-gateway/internal/config/config.go:33.2,33.15 1 0
api-gateway/internal/delivery/handler.go:17.12,19.2 1 0
api-gateway/internal/delivery/handler.go:21.69,22.9 1 0
api-gateway/internal/delivery/handler.go:23.71,24.30 1 0
api-gateway/internal/delivery/handler.go:25.71,26.22 1 0
api-gateway/internal/delivery/handler.go:27.126,28.24 1 0
api-gateway/internal/delivery/handler.go:29.69,30.28 1 0
api-gateway/internal/delivery/handler.go:31.61,32.26 1 0
api-gateway/internal/delivery/handler.go:33.123,34.28 1 0
api-gateway/internal/delivery/handler.go:35.10,36.50 1 0
api-gateway/internal/delivery/handler_account_create.go:16.81,18.16 2 0
api-gateway/internal/delivery/handler_account_create.go:18.16,21.3 2 0
api-gateway/internal/delivery/handler_account_create.go:23.2,25.20 3 0
api-gateway/internal/delivery/handler_balance.go:21.75,23.71 2 0
api-gateway/internal/delivery/handler_balance.go:23.71,26.3 2 0
api-gateway/internal/delivery/handler_balance.go:27.2,28.21 2 0
api-gateway/internal/delivery/handler_balance.go:28.21,31.3 2 0
api-gateway/internal/delivery/handler_balance.go:33.2,34.16 2 0
api-gateway/internal/delivery/handler_balance.go:34.16,37.3 2 0
api-gateway/internal/delivery/handler_balance.go:39.2,40.33 2 0
api-gateway/internal/delivery/handler_order_create.go:21.79,23.61 2 0
api-gateway/internal/delivery/handler_order_create.go:23.61,26.3 2 0
api-gateway/internal/delivery/handler_order_create.go:28.2,28.48 1 0
api-gateway/internal/delivery/handler_order_create.go:28.48,31.3 2 0
api-gateway/internal/delivery/handler_order_create.go:32.2,32.19 1 0
api-gateway/internal/delivery/handler_order_create.go:32.19,35.3 2 0
api-gateway/internal/delivery/handler_order_create.go:36.2,36.25 1 0
api-gateway/internal/delivery/handler_order_create.go:36.25,39.3 2 0
api-gateway/internal/delivery/handler_order_create.go:41.2,42.16 2 0
api-gateway/internal/delivery/handler_order_create.go:42.16,45.3 2 0
api-gateway/internal/delivery/handler_order_create.go:47.2,49.42 3 0
api-gateway/internal/delivery/handler_order_list.go:17.77,19.16 2 0
api-gateway/internal/delivery/handler_order_list.go:19.16,22.3 2 0
api-gateway/internal/delivery/handler_order_list.go:24.2,25.33 2 0
api-gateway/internal/delivery/handler_order_status.go:19.79,21.69 2 0
api-gateway/internal/delivery/handler_order_status.go:21.69,24.3 2 0
api-gateway/internal/delivery/handler_order_status.go:25.2,28.16 3 0
api-gateway/internal/delivery/handler_order_status.go:28.16,31.3 2 0
api-gateway/internal/delivery/handler_order_status.go:33.2,34.39 2 0
api-gateway/internal/delivery/handler_top_up.go:20.73,22.61 2 0
api-gateway/internal/delivery/handler_top_up.go:22.61,25.3 2 0
api-gateway/internal/delivery/handler_top_up.go:27.2,27.23 1 0
api-gateway/internal/delivery/handler_top_up.go:27.23,30.3 2 0
api-gateway/internal/delivery/handler_top_up.go:31.2,31.19 1 0
api-gateway/internal/delivery/handler_top_up.go:31.19,34.3 2 0
api-gateway/internal/delivery/handler_top_up.go:36.2,37.16 2 0
api-gateway/internal/delivery/handler_top_up.go:37.16,40.3 2 0
api-gateway/internal/delivery/handler_top_up.go:42.2,44.20 3 0
api-gateway/internal/delivery/router.go:5.53,9.2 3 0
api-gateway/internal/infrastructure/order.go:18.50,23.2 1 0
api-gateway/internal/infrastructure/order.go:25.107,29.16 3 1
api-gateway/internal/infrastructure/order.go:29.16,31.3 1 0
api-gateway/internal/infrastructure/order.go:33.2,34.16 2 1
api-gateway/internal/infrastructure/order.go:34.16,36.3 1 0
api-gateway/internal/infrastructure/order.go:37.2,41.16 4 1
api-gateway/internal/infrastructure/order.go:41.16,43.3 1 1
api-gateway/internal/infrastructure/order.go:44.2,47.16 3 1
api-gateway/internal/infrastructure/order.go:47.16,49.3 1 0
api-gateway/internal/infrastructure/order.go:50.2,50.43 1 1
api-gateway/internal/infrastructure/order.go:50.43,52.3 1 1
api-gateway/internal/infrastructure/order.go:54.2,55.51 2 1
api-gateway/internal/infrastructure/order.go:55.51,57.3 1 1
api-gateway/internal/infrastructure/order.go:58.2,58.18 1 1
api-gateway/internal/infrastructure/order.go:61.81,65.16 3 1
api-gateway/internal/infrastructure/order.go:65.16,67.3 1 0
api-gateway/internal/infrastructure/order.go:68.2,71.16 3 1
api-gateway/internal/infrastructure/order.go:71.16,73.3 1 1
api-gateway/internal/infrastructure/order.go:74.2,77.16 3 1
api-gateway/internal/infrastructure/order.go:77.16,79.3 1 0
api-gateway/internal/infrastructure/order.go:80.2,80.38 1 1
api-gateway/internal/infrastructure/order.go:80.38,82.3 1 1
api-gateway/internal/infrastructure/order.go:84.2,85.51 2 1
api-gateway/internal/infrastructure/order.go:85.51,87.3 1 1
api-gateway/internal/infrastructure/order.go:89.2,89.17 1 1
api-gateway/internal/infrastructure/order.go:92.99,96.16 3 1
api-gateway/internal/infrastructure/order.go:96.16,98.3 1 0
api-gateway/internal/infrastructure/order.go:99.2,102.16 3 1
api-gateway/internal/infrastructure/order.go:102.16,104.3 1 1
api-gateway/internal/infrastructure/order.go:105.2,108.16 3 1
api-gateway/internal/infrastructure/order.go:108.16,110.3 1 0
api-gateway/internal/infrastructure/order.go:111.2,111.38 1 1
api-gateway/internal/infrastructure/order.go:111.38,113.3 1 1
api-gateway/internal/infrastructure/order.go:115.2,116.51 2 1
api-gateway/internal/infrastructure/order.go:116.51,118.3 1 1
api-gateway/internal/infrastructure/order.go:119.2,119.18 1 1
api-gateway/internal/infrastructure/payment.go:18.54,23.2 1 0
api-gateway/internal/infrastructure/payment.go:25.93,29.16 3 0
api-gateway/internal/infrastructure/payment.go:29.16,31.3 1 0
api-gateway/internal/infrastructure/payment.go:32.2,35.16 3 0
api-gateway/internal/infrastructure/payment.go:35.16,37.3 1 0
api-gateway/internal/infrastructure/payment.go:38.2,41.16 3 0
api-gateway/internal/infrastructure/payment.go:41.16,43.3 1 0
api-gateway/internal/infrastructure/payment.go:45.2,45.43 1 0
api-gateway/internal/infrastructure/payment.go:45.43,47.3 1 0
api-gateway/internal/infrastructure/payment.go:49.2,53.8 1 0
api-gateway/internal/infrastructure/payment.go:56.114,60.16 3 0
api-gateway/internal/infrastructure/payment.go:60.16,62.3 1 0
api-gateway/internal/infrastructure/payment.go:63.2,66.16 3 0
api-gateway/internal/infrastructure/payment.go:66.16,68.3 1 0
api-gateway/internal/infrastructure/payment.go:69.2,72.16 3 0
api-gateway/internal/infrastructure/payment.go:72.16,74.3 1 0
api-gateway/internal/infrastructure/payment.go:75.2,75.38 1 0
api-gateway/internal/infrastructure/payment.go:75.38,77.3 1 0
api-gateway/internal/infrastructure/payment.go:79.2,80.51 2 0
api-gateway/internal/infrastructure/payment.go:80.51,82.3 1 0
api-gateway/internal/infrastructure/payment.go:84.2,84.18 1 0
api-gateway/internal/infrastructure/payment.go:87.110,98.16 4 0
api-gateway/internal/infrastructure/payment.go:98.16,100.3 1 0
api-gateway/internal/infrastructure/payment.go:102.2,103.16 2 0
api-gateway/internal/infrastructure/payment.go:103.16,105.3 1 0
api-gateway/internal/infrastructure/payment.go:106.2,110.16 4 0
api-gateway/internal/infrastructure/payment.go:110.16,112.3 1 0
api-gateway/internal/infrastructure/payment.go:113.2,116.16 3 0
api-gateway/internal/infrastructure/payment.go:116.16,118.3 1 0
api-gateway/internal/infrastructure/payment.go:119.2,119.38 1 0
api-gateway/internal/infrastructure/payment.go:119.38,121.3 1 0
api-gateway/internal/infrastructure/payment.go:123.2,127.8 1 0
