mode: set
payment-service/internal/config/config.go:14.21,22.27 5 0
payment-service/internal/config/config.go:22.27,25.3 2 0
payment-service/internal/config/config.go:27.2,27.12 1 0
payment-service/internal/delivery/handler.go:13.58,15.2 1 0
payment-service/internal/delivery/handler.go:17.69,18.9 1 0
payment-service/internal/delivery/handler.go:19.64,20.23 1 0
payment-service/internal/delivery/handler.go:21.71,22.22 1 0
payment-service/internal/delivery/handler.go:23.73,24.25 1 0
payment-service/internal/delivery/handler.go:25.126,26.24 1 0
payment-service/internal/delivery/handler.go:27.10,28.22 1 0
payment-service/internal/delivery/handler_balance.go:23.75,25.21 2 0
payment-service/internal/delivery/handler_balance.go:25.21,28.3 2 0
payment-service/internal/delivery/handler_balance.go:30.2,32.16 3 0
payment-service/internal/delivery/handler_balance.go:32.16,35.3 2 0
payment-service/internal/delivery/handler_balance.go:37.2,38.16 2 0
payment-service/internal/delivery/handler_balance.go:38.16,41.3 2 0
payment-service/internal/delivery/handler_balance.go:43.2,45.56 3 0
payment-service/internal/delivery/handler_balance.go:45.56,47.3 1 0
payment-service/internal/delivery/handler_create.go:18.74,20.16 2 0
payment-service/internal/delivery/handler_create.go:20.16,23.3 2 0
payment-service/internal/delivery/handler_create.go:25.2,31.33 4 0
payment-service/internal/delivery/handler_top_up.go:25.73,27.61 2 0
payment-service/internal/delivery/handler_top_up.go:27.61,30.3 2 0
payment-service/internal/delivery/handler_top_up.go:32.2,32.29 1 0
payment-service/internal/delivery/handler_top_up.go:32.29,35.3 2 0
payment-service/internal/delivery/handler_top_up.go:37.2,38.16 2 0
payment-service/internal/delivery/handler_top_up.go:38.16,39.10 1 0
payment-service/internal/delivery/handler_top_up.go:40.48,41.53 1 0
payment-service/internal/delivery/handler_top_up.go:42.54,43.59 1 0
payment-service/internal/delivery/handler_top_up.go:44.11,45.74 1 0
payment-service/internal/delivery/handler_top_up.go:47.3,47.9 1 0
payment-service/internal/delivery/handler_top_up.go:50.2,52.55 3 0
payment-service/internal/delivery/handler_top_up.go:52.55,54.3 1 0
payment-service/internal/delivery/handler_withdraw.go:22.74,24.61 2 0
payment-service/internal/delivery/handler_withdraw.go:24.61,27.3 2 0
payment-service/internal/delivery/handler_withdraw.go:28.2,29.16 2 0
payment-service/internal/delivery/handler_withdraw.go:29.16,30.46 1 0
payment-service/internal/delivery/handler_withdraw.go:30.46,32.4 1 0
payment-service/internal/delivery/handler_withdraw.go:32.9,32.57 1 0
payment-service/internal/delivery/handler_withdraw.go:32.57,34.4 1 0
payment-service/internal/delivery/handler_withdraw.go:34.9,36.4 1 0
payment-service/internal/delivery/handler_withdraw.go:37.3,37.9 1 0
payment-service/internal/delivery/handler_withdraw.go:39.2,40.33 2 0
payment-service/internal/delivery/router.go:5.53,9.2 3 0
payment-service/internal/repository/pgstorage.go:15.44,17.2 1 0
payment-service/internal/repository/pgstorage.go:21.67,29.2 3 0
payment-service/internal/repository/pgstorage.go:31.77,35.2 3 0
payment-service/internal/repository/pgstorage.go:37.102,48.35 3 0
payment-service/internal/repository/pgstorage.go:48.35,50.3 1 0
payment-service/internal/repository/pgstorage.go:51.2,51.24 1 0
payment-service/internal/repository/pgstorage.go:54.98,65.35 3 0
payment-service/internal/repository/pgstorage.go:65.35,67.20 2 0
payment-service/internal/repository/pgstorage.go:67.20,69.4 1 0
payment-service/internal/repository/pgstorage.go:70.3,70.19 1 0
payment-service/internal/repository/pgstorage.go:70.19,72.4 1 0
payment-service/internal/repository/pgstorage.go:73.3,73.31 1 0
payment-service/internal/repository/pgstorage.go:75.2,75.24 1 0
payment-service/internal/infrastructure/server.go:13.48,15.2 1 1
payment-service/internal/infrastructure/server.go:17.96,19.48 2 1
payment-service/internal/infrastructure/server.go:19.48,21.3 1 1
payment-service/internal/infrastructure/server.go:22.2,22.16 1 1
payment-service/internal/infrastructure/server.go:25.103,26.21 1 1
payment-service/internal/infrastructure/server.go:26.21,28.3 1 1
payment-service/internal/infrastructure/server.go:30.2,31.16 2 1
payment-service/internal/infrastructure/server.go:31.16,33.3 1 1
payment-service/internal/infrastructure/server.go:35.2,38.8 1 1
payment-service/internal/infrastructure/server.go:41.107,43.16 2 1
payment-service/internal/infrastructure/server.go:43.16,45.3 1 1
payment-service/internal/infrastructure/server.go:47.2,50.8 1 1
payment-service/internal/infrastructure/server.go:53.109,54.21 1 1
payment-service/internal/infrastructure/server.go:54.21,56.3 1 1
payment-service/internal/infrastructure/server.go:57.2,58.16 2 1
payment-service/internal/infrastructure/server.go:58.16,60.3 1 1
payment-service/internal/infrastructure/server.go:61.2,64.8 1 1
