mode: set
payment-service/internal/config/config.go:20.21,33.24 9 0
payment-service/internal/config/config.go:33.24,35.3 1 0
payment-service/internal/config/config.go:37.2,37.27 1 0
payment-service/internal/config/config.go:37.27,40.3 2 0
payment-service/internal/config/config.go:42.2,42.12 1 0
payment-service/internal/docs/docs.go:248.13,250.2 1 0
payment-service/internal/repository/inbox.go:16.46,18.2 1 0
payment-service/internal/repository/inbox.go:20.101,30.2 3 0
payment-service/internal/repository/inbox.go:32.76,38.2 3 0
payment-service/internal/repository/outbox.go:16.48,18.2 1 0
payment-service/internal/repository/outbox.go:20.92,29.2 3 0
payment-service/internal/repository/outbox.go:31.98,40.16 3 0
payment-service/internal/repository/outbox.go:40.16,42.3 1 0
payment-service/internal/repository/outbox.go:43.2,46.18 3 0
payment-service/internal/repository/outbox.go:46.18,48.83 2 0
payment-service/internal/repository/outbox.go:48.83,50.4 1 0
payment-service/internal/repository/outbox.go:51.3,51.25 1 0
payment-service/internal/repository/outbox.go:53.2,53.25 1 0
payment-service/internal/repository/outbox.go:56.78,62.2 3 0
payment-service/internal/repository/pgstorage.go:15.44,17.2 1 0
payment-service/internal/repository/pgstorage.go:21.67,29.2 3 0
payment-service/internal/repository/pgstorage.go:31.77,35.2 3 0
payment-service/internal/repository/pgstorage.go:37.102,48.35 3 0
payment-service/internal/repository/pgstorage.go:48.35,50.3 1 0
payment-service/internal/repository/pgstorage.go:51.2,51.24 1 0
payment-service/internal/repository/pgstorage.go:54.98,65.35 3 0
payment-service/internal/repository/pgstorage.go:65.35,67.20 2 0
payment-service/internal/repository/pgstorage.go:67.20,69.4 1 0
payment-service/internal/repository/pgstorage.go:70.3,70.19 1 0
payment-service/internal/repository/pgstorage.go:70.19,72.4 1 0
payment-service/internal/repository/pgstorage.go:73.3,73.31 1 0
payment-service/internal/repository/pgstorage.go:75.2,75.24 1 0
payment-service/internal/kafka/consumer.go:25.3,32.12 2 0
payment-service/internal/kafka/consumer.go:32.12,33.7 1 0
payment-service/internal/kafka/consumer.go:33.7,35.18 2 0
payment-service/internal/kafka/consumer.go:35.18,37.5 1 0
payment-service/internal/kafka/consumer.go:39.4,40.18 2 0
payment-service/internal/kafka/consumer.go:40.18,41.10 1 0
payment-service/internal/kafka/consumer.go:44.4,50.71 2 0
payment-service/internal/kafka/consumer.go:50.71,52.10 2 0
payment-service/internal/kafka/consumer.go:55.4,56.56 2 0
payment-service/internal/kafka/consumer.go:56.56,58.10 2 0
payment-service/internal/kafka/consumer.go:61.4,68.18 4 0
payment-service/internal/kafka/consumer.go:68.18,72.5 3 0
payment-service/internal/kafka/consumer.go:72.10,76.5 3 0
payment-service/internal/kafka/consumer.go:78.4,84.59 2 0
payment-service/internal/kafka/consumer.go:84.59,86.10 2 0
payment-service/internal/kafka/consumer.go:89.4,89.41 1 0
payment-service/internal/kafka/consumer.go:89.41,90.10 1 0
payment-service/internal/kafka/consumer.go:93.4,93.28 1 0
payment-service/internal/kafka/dispatcher.go:17.128,19.2 1 0
payment-service/internal/kafka/dispatcher.go:21.55,25.6 3 0
payment-service/internal/kafka/dispatcher.go:25.6,26.10 1 0
payment-service/internal/kafka/dispatcher.go:27.21,28.10 1 0
payment-service/internal/kafka/dispatcher.go:29.19,31.18 2 0
payment-service/internal/kafka/dispatcher.go:31.18,32.13 1 0
payment-service/internal/kafka/dispatcher.go:34.4,34.27 1 0
payment-service/internal/kafka/dispatcher.go:34.27,35.83 1 0
payment-service/internal/kafka/dispatcher.go:35.83,36.11 1 0
payment-service/internal/kafka/dispatcher.go:38.5,38.37 1 0
payment-service/internal/kafka/producer.go:13.60,18.2 1 0
payment-service/internal/kafka/producer.go:20.76,25.2 1 0
payment-service/internal/kafka/producer.go:27.34,29.2 1 0
payment-service/internal/infrastructure/server.go:13.48,15.2 1 1
payment-service/internal/infrastructure/server.go:17.96,19.48 2 1
payment-service/internal/infrastructure/server.go:19.48,21.3 1 1
payment-service/internal/infrastructure/server.go:22.2,22.16 1 1
payment-service/internal/infrastructure/server.go:25.103,26.21 1 1
payment-service/internal/infrastructure/server.go:26.21,28.3 1 1
payment-service/internal/infrastructure/server.go:30.2,31.16 2 1
payment-service/internal/infrastructure/server.go:31.16,33.3 1 1
payment-service/internal/infrastructure/server.go:35.2,38.8 1 1
payment-service/internal/infrastructure/server.go:41.107,43.16 2 1
payment-service/internal/infrastructure/server.go:43.16,45.3 1 1
payment-service/internal/infrastructure/server.go:47.2,50.8 1 1
payment-service/internal/infrastructure/server.go:53.109,54.21 1 1
payment-service/internal/infrastructure/server.go:54.21,56.3 1 1
payment-service/internal/infrastructure/server.go:57.2,58.16 2 1
payment-service/internal/infrastructure/server.go:58.16,60.3 1 1
payment-service/internal/infrastructure/server.go:61.2,64.8 1 1
payment-service/internal/delivery/handler.go:13.58,15.2 1 1
payment-service/internal/delivery/handler.go:17.69,18.9 1 0
payment-service/internal/delivery/handler.go:19.64,20.23 1 0
payment-service/internal/delivery/handler.go:21.71,22.22 1 0
payment-service/internal/delivery/handler.go:23.73,24.25 1 0
payment-service/internal/delivery/handler.go:25.126,26.24 1 0
payment-service/internal/delivery/handler.go:27.10,28.22 1 0
payment-service/internal/delivery/handler_balance.go:23.75,25.21 2 1
payment-service/internal/delivery/handler_balance.go:25.21,28.3 2 1
payment-service/internal/delivery/handler_balance.go:30.2,32.16 3 1
payment-service/internal/delivery/handler_balance.go:32.16,35.3 2 1
payment-service/internal/delivery/handler_balance.go:37.2,38.16 2 1
payment-service/internal/delivery/handler_balance.go:38.16,41.3 2 1
payment-service/internal/delivery/handler_balance.go:43.2,45.56 3 1
payment-service/internal/delivery/handler_balance.go:45.56,47.3 1 0
payment-service/internal/delivery/handler_create.go:18.74,20.16 2 0
payment-service/internal/delivery/handler_create.go:20.16,23.3 2 0
payment-service/internal/delivery/handler_create.go:25.2,31.33 4 0
payment-service/internal/delivery/handler_top_up.go:25.73,27.61 2 0
payment-service/internal/delivery/handler_top_up.go:27.61,30.3 2 0
payment-service/internal/delivery/handler_top_up.go:32.2,32.29 1 0
payment-service/internal/delivery/handler_top_up.go:32.29,35.3 2 0
payment-service/internal/delivery/handler_top_up.go:37.2,38.16 2 0
payment-service/internal/delivery/handler_top_up.go:38.16,39.10 1 0
payment-service/internal/delivery/handler_top_up.go:40.48,41.53 1 0
payment-service/internal/delivery/handler_top_up.go:42.54,43.59 1 0
payment-service/internal/delivery/handler_top_up.go:44.11,45.74 1 0
payment-service/internal/delivery/handler_top_up.go:47.3,47.9 1 0
payment-service/internal/delivery/handler_top_up.go:50.2,52.55 3 0
payment-service/internal/delivery/handler_top_up.go:52.55,54.3 1 0
payment-service/internal/delivery/handler_withdraw.go:22.74,24.61 2 0
payment-service/internal/delivery/handler_withdraw.go:24.61,27.3 2 0
payment-service/internal/delivery/handler_withdraw.go:28.2,29.16 2 0
payment-service/internal/delivery/handler_withdraw.go:29.16,30.46 1 0
payment-service/internal/delivery/handler_withdraw.go:30.46,32.4 1 0
payment-service/internal/delivery/handler_withdraw.go:32.9,32.57 1 0
payment-service/internal/delivery/handler_withdraw.go:32.57,34.4 1 0
payment-service/internal/delivery/handler_withdraw.go:34.9,36.4 1 0
payment-service/internal/delivery/handler_withdraw.go:37.3,37.9 1 0
payment-service/internal/delivery/handler_withdraw.go:39.2,40.33 2 0
payment-service/internal/delivery/router.go:5.53,9.2 3 0
