mode: set
hw_02/internal/domain/events/events_interface.go:11.57,13.2 1 0
hw_02/internal/domain/animal/animal.go:20.104,21.33 1 1
hw_02/internal/domain/animal/animal.go:21.33,23.3 1 1
hw_02/internal/domain/animal/animal.go:24.2,32.8 1 1
hw_02/internal/domain/animal/animal.go:35.25,37.2 1 1
hw_02/internal/domain/animal/animal.go:39.27,41.2 1 1
hw_02/internal/domain/animal/animal.go:43.25,45.2 1 1
hw_02/internal/domain/animal/animal.go:47.29,49.2 1 1
hw_02/internal/domain/animal/animal.go:51.35,53.2 1 1
hw_02/internal/domain/animal/animal.go:55.32,57.2 1 1
hw_02/internal/domain/animal/animal.go:59.54,61.2 1 1
hw_02/internal/domain/animal/animal.go:63.40,65.2 1 1
hw_02/internal/domain/animal/animal.go:67.63,69.2 1 1
hw_02/internal/domain/animal/animal.go:71.42,73.2 1 1
hw_02/internal/domain/animal/animal.go:75.46,75.61 1 1
hw_02/internal/domain/animal/animal.go:76.46,76.66 1 1
hw_02/internal/domain/animal/animal.go:77.46,77.63 1 1
hw_02/internal/domain/animal/animal.go:78.46,78.68 1 1
hw_02/internal/domain/animal/animal.go:79.46,79.65 1 1
hw_02/internal/domain/animal/animal.go:80.46,80.63 1 1
hw_02/internal/domain/animal/animal.go:81.46,81.76 1 1
hw_02/internal/domain/animal/animal.go:82.46,82.71 1 1
hw_02/internal/domain/animal/animal.go:83.46,83.70 1 1
hw_02/internal/domain/animal/value_objects.go:16.46,17.15 1 1
hw_02/internal/domain/animal/value_objects.go:18.36,19.28 1 1
hw_02/internal/domain/animal/value_objects.go:20.10,21.48 1 1
hw_02/internal/domain/animal/value_objects.go:25.31,27.2 1 1
hw_02/internal/domain/animal/value_objects.go:40.58,41.15 1 1
hw_02/internal/domain/animal/value_objects.go:42.37,43.34 1 1
hw_02/internal/domain/animal/value_objects.go:44.10,45.55 1 1
hw_02/internal/domain/animal/value_objects.go:49.41,51.2 1 1
hw_02/internal/domain/enclosure/enclosure.go:15.98,16.19 1 1
hw_02/internal/domain/enclosure/enclosure.go:16.19,18.3 1 1
hw_02/internal/domain/enclosure/enclosure.go:19.2,24.8 1 1
hw_02/internal/domain/enclosure/enclosure.go:27.74,28.34 1 1
hw_02/internal/domain/enclosure/enclosure.go:28.34,30.3 1 1
hw_02/internal/domain/enclosure/enclosure.go:32.2,32.48 1 1
hw_02/internal/domain/enclosure/enclosure.go:32.48,33.38 1 1
hw_02/internal/domain/enclosure/enclosure.go:33.38,35.4 1 1
hw_02/internal/domain/enclosure/enclosure.go:38.2,39.12 2 1
hw_02/internal/domain/enclosure/enclosure.go:42.79,43.31 1 1
hw_02/internal/domain/enclosure/enclosure.go:43.31,44.21 1 1
hw_02/internal/domain/enclosure/enclosure.go:44.21,47.4 2 1
hw_02/internal/domain/enclosure/enclosure.go:49.2,49.52 1 1
hw_02/internal/domain/enclosure/enclosure.go:52.36,54.2 1 1
hw_02/internal/domain/enclosure/enclosure.go:56.52,56.67 1 1
hw_02/internal/domain/enclosure/enclosure.go:57.52,57.78 1 1
hw_02/internal/domain/enclosure/enclosure.go:58.52,58.73 1 1
hw_02/internal/domain/enclosure/enclosure.go:59.52,59.72 1 1
hw_02/internal/domain/enclosure/value_objects.go:18.60,19.15 1 1
hw_02/internal/domain/enclosure/value_objects.go:20.75,21.35 1 1
hw_02/internal/domain/enclosure/value_objects.go:22.10,23.50 1 1
hw_02/internal/domain/feeding/feeding.go:14.95,15.16 1 1
hw_02/internal/domain/feeding/feeding.go:15.16,17.3 1 1
hw_02/internal/domain/feeding/feeding.go:18.2,23.8 1 1
hw_02/internal/domain/feeding/feeding.go:26.44,28.2 1 1
hw_02/internal/domain/feeding/feeding.go:30.46,32.2 1 1
hw_02/internal/domain/feeding/feeding.go:34.37,34.52 1 1
hw_02/internal/domain/feeding/feeding.go:35.37,35.58 1 1
hw_02/internal/domain/feeding/feeding.go:36.37,36.54 1 1
hw_02/internal/domain/feeding/feeding.go:37.37,37.54 1 1
hw_02/internal/domain/feeding/value_objects.go:18.50,19.15 1 1
hw_02/internal/domain/feeding/value_objects.go:20.65,21.30 1 1
hw_02/internal/domain/feeding/value_objects.go:22.10,23.45 1 1
hw_02/internal/infrastructure/storage/animal_repository.go:15.46,19.2 1 1
hw_02/internal/infrastructure/storage/animal_repository.go:21.87,27.2 4 1
hw_02/internal/infrastructure/storage/animal_repository.go:29.92,34.33 4 1
hw_02/internal/infrastructure/storage/animal_repository.go:34.33,36.3 1 1
hw_02/internal/infrastructure/storage/animal_repository.go:37.2,37.21 1 1
hw_02/internal/infrastructure/storage/animal_repository.go:40.110,45.9 4 1
hw_02/internal/infrastructure/storage/animal_repository.go:45.9,47.3 1 1
hw_02/internal/infrastructure/storage/animal_repository.go:48.2,48.15 1 1
hw_02/internal/infrastructure/storage/animal_repository.go:51.91,55.36 3 1
hw_02/internal/infrastructure/storage/animal_repository.go:55.36,57.3 1 1
hw_02/internal/infrastructure/storage/animal_repository.go:59.2,60.12 2 1
hw_02/internal/infrastructure/storage/enclosure_repository.go:15.52,19.2 1 1
hw_02/internal/infrastructure/storage/enclosure_repository.go:21.99,27.2 4 1
hw_02/internal/infrastructure/storage/enclosure_repository.go:29.103,34.33 4 1
hw_02/internal/infrastructure/storage/enclosure_repository.go:34.33,36.3 1 1
hw_02/internal/infrastructure/storage/enclosure_repository.go:37.2,37.24 1 1
hw_02/internal/infrastructure/storage/enclosure_repository.go:40.128,45.9 4 1
hw_02/internal/infrastructure/storage/enclosure_repository.go:45.9,47.3 1 1
hw_02/internal/infrastructure/storage/enclosure_repository.go:48.2,48.15 1 1
hw_02/internal/infrastructure/storage/enclosure_repository.go:51.103,56.9 4 1
hw_02/internal/infrastructure/storage/enclosure_repository.go:56.9,58.3 1 1
hw_02/internal/infrastructure/storage/enclosure_repository.go:60.2,61.12 2 1
hw_02/internal/infrastructure/storage/feeding_repository.go:16.48,20.2 1 1
hw_02/internal/infrastructure/storage/feeding_repository.go:22.91,28.2 4 1
hw_02/internal/infrastructure/storage/feeding_repository.go:30.96,35.33 4 1
hw_02/internal/infrastructure/storage/feeding_repository.go:35.33,37.3 1 1
hw_02/internal/infrastructure/storage/feeding_repository.go:38.2,38.22 1 1
hw_02/internal/infrastructure/storage/feeding_repository.go:41.117,46.9 4 1
hw_02/internal/infrastructure/storage/feeding_repository.go:46.9,48.3 1 1
hw_02/internal/infrastructure/storage/feeding_repository.go:49.2,49.15 1 1
hw_02/internal/infrastructure/storage/feeding_repository.go:52.126,56.33 3 1
hw_02/internal/infrastructure/storage/feeding_repository.go:56.33,57.39 1 1
hw_02/internal/infrastructure/storage/feeding_repository.go:57.39,59.4 1 1
hw_02/internal/infrastructure/storage/feeding_repository.go:61.2,61.45 1 1
hw_02/internal/infrastructure/storage/feeding_repository.go:64.96,68.36 3 1
hw_02/internal/infrastructure/storage/feeding_repository.go:68.36,70.3 1 1
hw_02/internal/infrastructure/storage/feeding_repository.go:72.2,73.12 2 1
hw_02/internal/application/services/animal_service.go:17.128,22.2 1 1
hw_02/internal/application/services/animal_service.go:24.81,26.2 1 0
hw_02/internal/application/services/animal_service.go:28.86,30.2 1 0
hw_02/internal/application/services/animal_service.go:32.104,34.2 1 1
hw_02/internal/application/services/animal_service.go:36.85,38.2 1 0
hw_02/internal/application/services/animal_service.go:40.81,42.16 2 1
hw_02/internal/application/services/animal_service.go:42.16,44.3 1 0
hw_02/internal/application/services/animal_service.go:45.2,46.12 2 1
hw_02/internal/application/services/animal_service.go:49.77,51.16 2 1
hw_02/internal/application/services/animal_service.go:51.16,53.3 1 0
hw_02/internal/application/services/animal_service.go:54.2,55.12 2 1
hw_02/internal/application/services/animal_service.go:58.110,60.16 2 1
hw_02/internal/application/services/animal_service.go:60.16,62.3 1 0
hw_02/internal/application/services/animal_service.go:64.2,66.16 3 1
hw_02/internal/application/services/animal_service.go:66.16,68.3 1 0
hw_02/internal/application/services/animal_service.go:70.2,70.43 1 1
hw_02/internal/application/services/animal_service.go:70.43,72.3 1 1
hw_02/internal/application/services/animal_service.go:73.2,73.44 1 1
hw_02/internal/application/services/animal_service.go:73.44,75.3 1 0
hw_02/internal/application/services/animal_service.go:77.2,78.12 2 1
hw_02/internal/application/services/animal_service.go:81.79,83.16 2 1
hw_02/internal/application/services/animal_service.go:83.16,85.3 1 0
hw_02/internal/application/services/animal_service.go:87.2,88.12 2 1
hw_02/internal/application/services/enclosure_service.go:24.21,30.2 1 1
hw_02/internal/application/services/enclosure_service.go:32.93,34.2 1 1
hw_02/internal/application/services/enclosure_service.go:36.97,38.2 1 1
hw_02/internal/application/services/enclosure_service.go:40.122,42.2 1 0
hw_02/internal/application/services/enclosure_service.go:44.97,46.2 1 0
hw_02/internal/application/services/enclosure_service.go:48.137,50.16 2 1
hw_02/internal/application/services/enclosure_service.go:50.16,52.3 1 1
hw_02/internal/application/services/enclosure_service.go:54.2,55.16 2 1
hw_02/internal/application/services/enclosure_service.go:55.16,57.3 1 0
hw_02/internal/application/services/enclosure_service.go:59.2,61.16 2 1
hw_02/internal/application/services/enclosure_service.go:61.16,62.43 1 0
hw_02/internal/application/services/enclosure_service.go:62.43,64.4 1 0
hw_02/internal/application/services/enclosure_service.go:65.8,66.66 1 1
hw_02/internal/application/services/enclosure_service.go:66.66,68.4 1 0
hw_02/internal/application/services/enclosure_service.go:71.2,71.41 1 1
hw_02/internal/application/services/enclosure_service.go:71.41,73.3 1 0
hw_02/internal/application/services/enclosure_service.go:75.2,75.57 1 1
hw_02/internal/application/services/enclosure_service.go:75.57,77.3 1 0
hw_02/internal/application/services/enclosure_service.go:79.2,82.17 3 1
hw_02/internal/application/services/enclosure_service.go:82.17,84.3 1 1
hw_02/internal/application/services/enclosure_service.go:85.2,94.61 3 1
hw_02/internal/application/services/enclosure_service.go:94.61,96.3 1 0
hw_02/internal/application/services/enclosure_service.go:97.2,97.67 1 1
hw_02/internal/application/services/enclosure_service.go:97.67,99.3 1 0
hw_02/internal/application/services/enclosure_service.go:101.2,101.12 1 1
hw_02/internal/application/services/enclosure_service.go:104.142,106.16 2 1
hw_02/internal/application/services/enclosure_service.go:106.16,108.3 1 0
hw_02/internal/application/services/enclosure_service.go:110.2,113.16 3 1
hw_02/internal/application/services/enclosure_service.go:113.16,115.3 1 0
hw_02/internal/application/services/enclosure_service.go:117.2,117.62 1 1
hw_02/internal/application/services/enclosure_service.go:117.62,119.3 1 0
hw_02/internal/application/services/enclosure_service.go:121.2,121.61 1 1
hw_02/internal/application/services/enclosure_service.go:121.61,123.3 1 0
hw_02/internal/application/services/enclosure_service.go:124.2,124.67 1 1
hw_02/internal/application/services/enclosure_service.go:124.67,126.3 1 0
hw_02/internal/application/services/enclosure_service.go:128.2,128.12 1 1
hw_02/internal/application/services/feeding_service.go:23.19,29.2 1 1
hw_02/internal/application/services/feeding_service.go:31.85,33.16 2 1
hw_02/internal/application/services/feeding_service.go:33.16,35.3 1 0
hw_02/internal/application/services/feeding_service.go:37.2,39.61 2 1
hw_02/internal/application/services/feeding_service.go:39.61,41.3 1 0
hw_02/internal/application/services/feeding_service.go:42.2,42.63 1 1
hw_02/internal/application/services/feeding_service.go:42.63,44.3 1 0
hw_02/internal/application/services/feeding_service.go:46.2,52.12 2 1
hw_02/internal/application/services/feeding_service.go:55.130,57.16 2 1
hw_02/internal/application/services/feeding_service.go:57.16,59.3 1 0
hw_02/internal/application/services/feeding_service.go:61.2,64.63 3 1
hw_02/internal/application/services/feeding_service.go:64.63,66.3 1 0
hw_02/internal/application/services/feeding_service.go:68.2,68.12 1 1
hw_02/internal/application/services/feeding_service.go:71.90,73.2 1 0
hw_02/internal/application/services/feeding_service.go:75.111,77.2 1 0
hw_02/internal/application/services/feeding_service.go:79.120,81.2 1 0
hw_02/internal/application/services/feeding_service.go:83.90,85.16 2 1
hw_02/internal/application/services/feeding_service.go:85.16,87.3 1 0
hw_02/internal/application/services/feeding_service.go:89.2,90.16 2 1
hw_02/internal/application/services/feeding_service.go:90.16,92.3 1 0
hw_02/internal/application/services/feeding_service.go:94.2,95.61 2 1
hw_02/internal/application/services/feeding_service.go:95.61,97.3 1 0
hw_02/internal/application/services/feeding_service.go:99.2,99.50 1 1
hw_02/internal/application/services/stats_service.go:21.17,27.2 1 1
hw_02/internal/application/services/stats_service.go:29.73,31.16 2 1
hw_02/internal/application/services/stats_service.go:31.16,33.3 1 1
hw_02/internal/application/services/stats_service.go:34.2,34.16 1 1
hw_02/internal/application/services/stats_service.go:37.82,39.16 2 1
hw_02/internal/application/services/stats_service.go:39.16,41.3 1 0
hw_02/internal/application/services/stats_service.go:42.2,42.19 1 1
hw_02/internal/application/services/stats_service.go:45.76,47.16 2 1
hw_02/internal/application/services/stats_service.go:47.16,49.3 1 0
hw_02/internal/application/services/stats_service.go:50.2,50.17 1 1
hw_02/internal/presentation/controller/animal_controller.go:15.87,17.2 1 1
hw_02/internal/presentation/controller/animal_controller.go:19.59,21.2 2 1
hw_02/internal/presentation/controller/animal_controller.go:21.2,30.3 8 1
hw_02/internal/presentation/controller/animal_controller.go:45.58,47.47 2 1
hw_02/internal/presentation/controller/animal_controller.go:47.47,50.3 2 0
hw_02/internal/presentation/controller/animal_controller.go:52.2,53.16 2 1
hw_02/internal/presentation/controller/animal_controller.go:53.16,56.3 2 0
hw_02/internal/presentation/controller/animal_controller.go:58.2,59.16 2 1
hw_02/internal/presentation/controller/animal_controller.go:59.16,62.3 2 0
hw_02/internal/presentation/controller/animal_controller.go:64.2,65.16 2 1
hw_02/internal/presentation/controller/animal_controller.go:65.16,68.3 2 0
hw_02/internal/presentation/controller/animal_controller.go:70.2,70.64 1 1
hw_02/internal/presentation/controller/animal_controller.go:81.59,83.16 2 1
hw_02/internal/presentation/controller/animal_controller.go:83.16,86.3 2 0
hw_02/internal/presentation/controller/animal_controller.go:87.2,87.62 1 1
hw_02/internal/presentation/controller/animal_controller.go:99.59,103.16 3 1
hw_02/internal/presentation/controller/animal_controller.go:103.16,106.3 2 0
hw_02/internal/presentation/controller/animal_controller.go:107.2,107.51 1 1
hw_02/internal/presentation/controller/animal_controller.go:118.58,122.16 3 1
hw_02/internal/presentation/controller/animal_controller.go:122.16,125.3 2 0
hw_02/internal/presentation/controller/animal_controller.go:126.2,126.59 1 1
hw_02/internal/presentation/controller/animal_controller.go:137.54,141.16 3 1
hw_02/internal/presentation/controller/animal_controller.go:141.16,144.3 2 0
hw_02/internal/presentation/controller/animal_controller.go:145.2,145.59 1 1
hw_02/internal/presentation/controller/animal_controller.go:156.50,160.16 3 1
hw_02/internal/presentation/controller/animal_controller.go:160.16,163.3 2 1
hw_02/internal/presentation/controller/animal_controller.go:164.2,164.57 1 1
hw_02/internal/presentation/controller/animal_controller.go:179.50,183.47 3 1
hw_02/internal/presentation/controller/animal_controller.go:183.47,186.3 2 1
hw_02/internal/presentation/controller/animal_controller.go:188.2,189.16 2 1
hw_02/internal/presentation/controller/animal_controller.go:189.16,192.3 2 1
hw_02/internal/presentation/controller/animal_controller.go:193.2,193.59 1 1
hw_02/internal/presentation/controller/animal_controller.go:204.52,208.16 3 1
hw_02/internal/presentation/controller/animal_controller.go:208.16,211.3 2 1
hw_02/internal/presentation/controller/animal_controller.go:212.2,212.61 1 1
hw_02/internal/presentation/controller/enclosure_controller.go:16.96,18.2 1 1
hw_02/internal/presentation/controller/enclosure_controller.go:20.62,22.2 2 1
hw_02/internal/presentation/controller/enclosure_controller.go:22.2,28.3 5 1
hw_02/internal/presentation/controller/enclosure_controller.go:52.64,54.47 2 1
hw_02/internal/presentation/controller/enclosure_controller.go:54.47,57.3 2 0
hw_02/internal/presentation/controller/enclosure_controller.go:59.2,60.16 2 1
hw_02/internal/presentation/controller/enclosure_controller.go:60.16,63.3 2 0
hw_02/internal/presentation/controller/enclosure_controller.go:65.2,66.16 2 1
hw_02/internal/presentation/controller/enclosure_controller.go:66.16,69.3 2 0
hw_02/internal/presentation/controller/enclosure_controller.go:71.2,72.16 2 1
hw_02/internal/presentation/controller/enclosure_controller.go:72.16,75.3 2 0
hw_02/internal/presentation/controller/enclosure_controller.go:77.2,77.67 1 1
hw_02/internal/presentation/controller/enclosure_controller.go:88.65,90.16 2 1
hw_02/internal/presentation/controller/enclosure_controller.go:90.16,93.3 2 0
hw_02/internal/presentation/controller/enclosure_controller.go:94.2,94.68 1 1
hw_02/internal/presentation/controller/enclosure_controller.go:106.65,110.16 3 1
hw_02/internal/presentation/controller/enclosure_controller.go:110.16,113.3 2 0
hw_02/internal/presentation/controller/enclosure_controller.go:114.2,114.54 1 1
hw_02/internal/presentation/controller/enclosure_controller.go:125.64,129.16 3 1
hw_02/internal/presentation/controller/enclosure_controller.go:129.16,132.3 2 0
hw_02/internal/presentation/controller/enclosure_controller.go:133.2,133.62 1 1
hw_02/internal/presentation/controller/enclosure_controller.go:145.69,150.16 4 1
hw_02/internal/presentation/controller/enclosure_controller.go:150.16,153.3 2 0
hw_02/internal/presentation/controller/enclosure_controller.go:154.2,154.75 1 1
hw_02/internal/presentation/controller/feeding_controller.go:16.90,18.2 1 1
hw_02/internal/presentation/controller/feeding_controller.go:20.60,22.2 2 1
hw_02/internal/presentation/controller/feeding_controller.go:22.2,29.3 6 1
hw_02/internal/presentation/controller/feeding_controller.go:59.60,61.47 2 1
hw_02/internal/presentation/controller/feeding_controller.go:61.47,64.3 2 0
hw_02/internal/presentation/controller/feeding_controller.go:66.2,67.16 2 1
hw_02/internal/presentation/controller/feeding_controller.go:67.16,70.3 2 0
hw_02/internal/presentation/controller/feeding_controller.go:72.2,73.16 2 1
hw_02/internal/presentation/controller/feeding_controller.go:73.16,76.3 2 0
hw_02/internal/presentation/controller/feeding_controller.go:78.2,79.16 2 1
hw_02/internal/presentation/controller/feeding_controller.go:79.16,82.3 2 0
hw_02/internal/presentation/controller/feeding_controller.go:84.2,84.65 1 1
hw_02/internal/presentation/controller/feeding_controller.go:99.58,103.47 3 1
hw_02/internal/presentation/controller/feeding_controller.go:103.47,106.3 2 0
hw_02/internal/presentation/controller/feeding_controller.go:108.2,109.16 2 1
hw_02/internal/presentation/controller/feeding_controller.go:109.16,112.3 2 0
hw_02/internal/presentation/controller/feeding_controller.go:114.2,115.16 2 1
hw_02/internal/presentation/controller/feeding_controller.go:115.16,118.3 2 0
hw_02/internal/presentation/controller/feeding_controller.go:120.2,120.66 1 1
hw_02/internal/presentation/controller/feeding_controller.go:131.61,133.16 2 1
hw_02/internal/presentation/controller/feeding_controller.go:133.16,136.3 2 0
hw_02/internal/presentation/controller/feeding_controller.go:137.2,137.64 1 1
hw_02/internal/presentation/controller/feeding_controller.go:149.61,153.16 3 1
hw_02/internal/presentation/controller/feeding_controller.go:153.16,156.3 2 0
hw_02/internal/presentation/controller/feeding_controller.go:157.2,157.52 1 1
hw_02/internal/presentation/controller/feeding_controller.go:169.67,173.16 3 1
hw_02/internal/presentation/controller/feeding_controller.go:173.16,176.3 2 0
hw_02/internal/presentation/controller/feeding_controller.go:177.2,177.52 1 1
hw_02/internal/presentation/controller/feeding_controller.go:188.60,192.16 3 1
hw_02/internal/presentation/controller/feeding_controller.go:192.16,195.3 2 0
hw_02/internal/presentation/controller/feeding_controller.go:196.2,196.60 1 1
hw_02/internal/presentation/controller/stats_controller.go:14.74,16.2 1 0
hw_02/internal/presentation/controller/stats_controller.go:18.58,20.2 2 0
hw_02/internal/presentation/controller/stats_controller.go:20.2,23.3 2 0
hw_02/internal/presentation/controller/stats_controller.go:33.56,38.2 4 0
hw_02/internal/presentation/controller/stats_controller.go:48.60,59.28 9 0
hw_02/internal/presentation/controller/stats_controller.go:59.28,63.20 3 0
hw_02/internal/presentation/controller/stats_controller.go:63.20,65.4 1 0
hw_02/internal/presentation/controller/stats_controller.go:65.9,67.4 1 0
hw_02/internal/presentation/controller/stats_controller.go:69.3,69.17 1 0
hw_02/internal/presentation/controller/stats_controller.go:69.17,71.4 1 0
hw_02/internal/presentation/controller/stats_controller.go:71.9,73.4 1 0
hw_02/internal/presentation/controller/stats_controller.go:75.3,75.28 1 0
hw_02/internal/presentation/controller/stats_controller.go:75.28,77.4 1 0
hw_02/internal/presentation/controller/stats_controller.go:77.9,79.4 1 0
hw_02/internal/presentation/controller/stats_controller.go:82.2,92.90 8 0
hw_02/internal/presentation/dto/animal_mapper.go:7.59,19.2 1 1
hw_02/internal/presentation/dto/animal_mapper.go:21.74,23.28 2 1
hw_02/internal/presentation/dto/animal_mapper.go:23.28,25.3 1 1
hw_02/internal/presentation/dto/animal_mapper.go:26.2,26.15 1 1
hw_02/internal/presentation/dto/enclosure_mapper.go:5.71,12.2 1 1
hw_02/internal/presentation/dto/enclosure_mapper.go:14.89,16.31 2 1
hw_02/internal/presentation/dto/enclosure_mapper.go:16.31,18.3 1 1
hw_02/internal/presentation/dto/enclosure_mapper.go:19.2,19.15 1 1
hw_02/internal/presentation/dto/feeding_mapper.go:5.63,12.2 1 1
hw_02/internal/presentation/dto/feeding_mapper.go:14.79,16.29 2 1
hw_02/internal/presentation/dto/feeding_mapper.go:16.29,18.3 1 1
hw_02/internal/presentation/dto/feeding_mapper.go:19.2,19.15 1 1
hw_02/internal/presentation/dto/stats_mapper.go:4.58,10.2 1 1
hw_02/internal/presentation/dto/stats_mapper.go:14.116,31.2 1 1
