mode: set
hw_02/internal/domain/animal/animal.go:19.119,20.47 1 1
hw_02/internal/domain/animal/animal.go:20.47,22.3 1 1
hw_02/internal/domain/animal/animal.go:23.2,31.8 1 1
hw_02/internal/domain/animal/animal.go:34.43,36.2 1 1
hw_02/internal/domain/animal/animal.go:38.25,40.2 1 1
hw_02/internal/domain/animal/animal.go:42.29,44.2 1 1
hw_02/internal/domain/animal/animal.go:46.62,48.2 1 1
hw_02/internal/domain/animal/animal.go:50.46,50.61 1 1
hw_02/internal/domain/animal/animal.go:51.46,51.66 1 1
hw_02/internal/domain/animal/animal.go:52.46,52.63 1 1
hw_02/internal/domain/animal/animal.go:53.46,53.68 1 1
hw_02/internal/domain/animal/animal.go:54.46,54.65 1 1
hw_02/internal/domain/animal/animal.go:55.46,55.63 1 1
hw_02/internal/domain/animal/animal.go:56.46,56.71 1 1
hw_02/internal/domain/animal/animal.go:57.46,57.70 1 1
hw_02/internal/domain/animal/value_objects.go:16.46,17.15 1 1
hw_02/internal/domain/animal/value_objects.go:18.36,19.28 1 1
hw_02/internal/domain/animal/value_objects.go:20.10,21.48 1 0
hw_02/internal/domain/animal/value_objects.go:25.31,27.2 1 0
hw_02/internal/domain/animal/value_objects.go:40.58,41.15 1 0
hw_02/internal/domain/animal/value_objects.go:42.37,43.34 1 0
hw_02/internal/domain/animal/value_objects.go:44.10,45.55 1 0
hw_02/internal/domain/animal/value_objects.go:49.41,51.2 1 1
hw_02/internal/domain/animal/value_objects.go:66.50,67.15 1 1
hw_02/internal/domain/animal/value_objects.go:68.65,69.30 1 1
hw_02/internal/domain/animal/value_objects.go:70.10,71.45 1 0
