mode: set
order-service/internal/config/config.go:21.21,35.24 10 0
order-service/internal/config/config.go:35.24,37.3 1 0
order-service/internal/config/config.go:39.2,39.27 1 0
order-service/internal/config/config.go:39.27,42.3 2 0
order-service/internal/config/config.go:44.2,44.12 1 0
order-service/internal/docs/docs.go:223.13,225.2 1 0
order-service/internal/delivery/handler.go:13.58,15.2 1 0
order-service/internal/delivery/handler.go:17.69,18.9 1 0
order-service/internal/delivery/handler.go:19.62,20.23 1 0
order-service/internal/delivery/handler.go:21.61,22.20 1 0
order-service/internal/delivery/handler.go:23.123,24.23 1 0
order-service/internal/delivery/handler.go:25.10,26.22 1 0
order-service/internal/delivery/handler_create.go:23.72,25.61 2 0
order-service/internal/delivery/handler_create.go:25.61,28.3 2 0
order-service/internal/delivery/handler_create.go:30.2,31.16 2 0
order-service/internal/delivery/handler_create.go:31.16,32.58 1 0
order-service/internal/delivery/handler_create.go:32.58,35.4 2 0
order-service/internal/delivery/handler_create.go:36.3,36.14 1 0
order-service/internal/delivery/handler_create.go:37.57,38.53 1 0
order-service/internal/delivery/handler_create.go:39.11,40.89 1 0
order-service/internal/delivery/handler_create.go:42.3,42.9 1 0
order-service/internal/delivery/handler_create.go:45.2,47.57 3 0
order-service/internal/delivery/handler_create.go:47.57,49.3 1 0
order-service/internal/delivery/handler_get.go:18.71,20.16 2 0
order-service/internal/delivery/handler_get.go:20.16,23.3 2 0
order-service/internal/delivery/handler_get.go:25.2,26.58 2 0
order-service/internal/delivery/handler_get.go:26.58,28.3 1 0
order-service/internal/delivery/handler_status.go:23.74,25.69 2 0
order-service/internal/delivery/handler_status.go:25.69,28.3 2 0
order-service/internal/delivery/handler_status.go:29.2,31.16 3 0
order-service/internal/delivery/handler_status.go:31.16,34.3 2 0
order-service/internal/delivery/handler_status.go:36.2,37.16 2 0
order-service/internal/delivery/handler_status.go:37.16,40.3 2 0
order-service/internal/delivery/handler_status.go:41.2,41.18 1 0
order-service/internal/delivery/handler_status.go:41.18,44.3 2 0
order-service/internal/delivery/handler_status.go:46.2,53.56 4 0
order-service/internal/delivery/handler_status.go:53.56,55.3 1 0
order-service/internal/delivery/router.go:5.53,9.2 3 0
order-service/internal/kafka/consumer.go:12.156,18.12 2 0
order-service/internal/kafka/consumer.go:18.12,19.7 1 0
order-service/internal/kafka/consumer.go:19.7,21.18 2 0
order-service/internal/kafka/consumer.go:21.18,23.5 1 0
order-service/internal/kafka/consumer.go:24.4,33.33 5 0
order-service/internal/kafka/consumer.go:33.33,36.5 2 0
order-service/internal/kafka/consumer.go:37.4,37.32 1 0
order-service/internal/kafka/dispatcher.go:17.132,19.2 1 0
order-service/internal/kafka/dispatcher.go:21.55,25.6 3 0
order-service/internal/kafka/dispatcher.go:25.6,26.10 1 0
order-service/internal/kafka/dispatcher.go:27.21,28.10 1 0
order-service/internal/kafka/dispatcher.go:29.19,31.18 2 0
order-service/internal/kafka/dispatcher.go:31.18,32.13 1 0
order-service/internal/kafka/dispatcher.go:34.4,34.27 1 0
order-service/internal/kafka/dispatcher.go:34.27,35.83 1 0
order-service/internal/kafka/dispatcher.go:35.83,36.11 1 0
order-service/internal/kafka/dispatcher.go:38.5,38.41 1 0
order-service/internal/kafka/producer.go:15.60,24.2 1 0
order-service/internal/kafka/producer.go:26.96,28.16 2 0
order-service/internal/kafka/producer.go:28.16,30.3 1 0
order-service/internal/kafka/producer.go:31.2,34.41 2 0
order-service/internal/kafka/producer.go:37.76,43.2 2 0
order-service/internal/kafka/producer.go:45.34,47.2 1 0
order-service/internal/repository/inbox.go:16.46,18.2 1 0
order-service/internal/repository/inbox.go:20.90,30.2 3 0
order-service/internal/repository/inbox.go:32.90,40.97 4 0
order-service/internal/repository/inbox.go:40.97,42.3 1 0
order-service/internal/repository/inbox.go:43.2,43.16 1 0
order-service/internal/repository/inbox.go:46.76,54.2 3 0
order-service/internal/repository/order_tx.go:13.118,15.16 2 0
order-service/internal/repository/order_tx.go:15.16,17.3 1 0
order-service/internal/repository/order_tx.go:18.2,26.16 3 0
order-service/internal/repository/order_tx.go:26.16,28.3 1 0
order-service/internal/repository/order_tx.go:30.2,38.54 4 0
order-service/internal/repository/order_tx.go:38.54,40.3 1 0
order-service/internal/repository/order_tx.go:42.2,42.23 1 0
order-service/internal/repository/outbox.go:16.48,18.2 1 0
order-service/internal/repository/outbox.go:20.92,29.2 3 0
order-service/internal/repository/outbox.go:31.98,40.16 3 0
order-service/internal/repository/outbox.go:40.16,42.3 1 0
order-service/internal/repository/outbox.go:43.2,46.18 3 0
order-service/internal/repository/outbox.go:46.18,48.83 2 0
order-service/internal/repository/outbox.go:48.83,50.4 1 0
order-service/internal/repository/outbox.go:51.3,51.25 1 0
order-service/internal/repository/outbox.go:53.2,53.25 1 0
order-service/internal/repository/outbox.go:56.78,64.2 3 0
order-service/internal/repository/pgstorage.go:14.44,16.2 1 0
order-service/internal/repository/pgstorage.go:18.70,30.2 3 0
order-service/internal/repository/pgstorage.go:32.73,40.16 3 0
order-service/internal/repository/pgstorage.go:40.16,42.3 1 0
order-service/internal/repository/pgstorage.go:43.2,46.18 3 0
order-service/internal/repository/pgstorage.go:46.18,51.17 2 0
order-service/internal/repository/pgstorage.go:51.17,53.4 1 0
order-service/internal/repository/pgstorage.go:54.3,54.25 1 0
order-service/internal/repository/pgstorage.go:56.2,56.25 1 0
order-service/internal/repository/pgstorage.go:59.87,70.16 4 0
order-service/internal/repository/pgstorage.go:70.16,72.3 1 0
order-service/internal/repository/pgstorage.go:73.2,73.16 1 0
order-service/internal/repository/pgstorage.go:76.78,84.2 3 0
order-service/internal/payment/client.go:28.54,33.2 1 0
order-service/internal/payment/client.go:35.120,40.16 2 1
order-service/internal/payment/client.go:40.16,42.3 1 0
order-service/internal/payment/client.go:44.2,45.16 2 1
order-service/internal/payment/client.go:45.16,47.3 1 0
order-service/internal/payment/client.go:48.2,51.16 3 1
order-service/internal/payment/client.go:51.16,53.3 1 0
order-service/internal/payment/client.go:54.2,56.51 2 1
order-service/internal/payment/client.go:56.51,58.3 1 1
order-service/internal/payment/client.go:59.2,59.38 1 1
order-service/internal/payment/client.go:59.38,61.3 1 1
order-service/internal/payment/client.go:63.2,64.63 2 1
order-service/internal/payment/client.go:64.63,66.3 1 1
order-service/internal/payment/client.go:67.2,67.17 1 1
order-service/internal/infrastructure/server.go:20.112,22.2 1 1
order-service/internal/infrastructure/server.go:24.100,25.21 1 1
order-service/internal/infrastructure/server.go:25.21,27.3 1 1
order-service/internal/infrastructure/server.go:28.2,29.16 2 1
order-service/internal/infrastructure/server.go:29.16,31.3 1 1
order-service/internal/infrastructure/server.go:33.2,44.47 3 1
order-service/internal/infrastructure/server.go:44.47,46.3 1 1
order-service/internal/infrastructure/server.go:48.2,48.28 1 1
order-service/internal/infrastructure/server.go:48.28,50.17 2 0
order-service/internal/infrastructure/server.go:50.17,55.4 4 0
order-service/internal/infrastructure/server.go:56.3,58.37 3 0
order-service/internal/infrastructure/server.go:61.2,61.23 1 1
order-service/internal/infrastructure/server.go:61.23,70.3 2 0
order-service/internal/infrastructure/server.go:72.2,72.15 1 1
order-service/internal/infrastructure/server.go:75.68,77.2 1 0
order-service/internal/infrastructure/server.go:79.84,81.2 1 0
order-service/internal/infrastructure/server.go:83.109,85.16 2 1
order-service/internal/infrastructure/server.go:85.16,87.3 1 1
order-service/internal/infrastructure/server.go:88.2,90.39 3 1
